Traceback (most recent call last):
  File "/opt/hostedtoolcache/Python/3.7.12/x64/lib/python3.7/site-packages/jupyter_cache/executors/utils.py", line 56, in single_nb_execution
    record_timing=False,
  File "/opt/hostedtoolcache/Python/3.7.12/x64/lib/python3.7/site-packages/nbclient/client.py", line 1093, in execute
    return NotebookClient(nb=nb, resources=resources, km=km, **kwargs).execute()
  File "/opt/hostedtoolcache/Python/3.7.12/x64/lib/python3.7/site-packages/nbclient/util.py", line 84, in wrapped
    return just_run(coro(*args, **kwargs))
  File "/opt/hostedtoolcache/Python/3.7.12/x64/lib/python3.7/site-packages/nbclient/util.py", line 62, in just_run
    return loop.run_until_complete(coro)
  File "/opt/hostedtoolcache/Python/3.7.12/x64/lib/python3.7/asyncio/base_events.py", line 587, in run_until_complete
    return future.result()
  File "/opt/hostedtoolcache/Python/3.7.12/x64/lib/python3.7/site-packages/nbclient/client.py", line 560, in async_execute
    cell, index, execution_count=self.code_cells_executed + 1
  File "/opt/hostedtoolcache/Python/3.7.12/x64/lib/python3.7/site-packages/nbclient/client.py", line 854, in async_execute_cell
    self._check_raise_for_error(cell, exec_reply)
  File "/opt/hostedtoolcache/Python/3.7.12/x64/lib/python3.7/site-packages/nbclient/client.py", line 756, in _check_raise_for_error
    raise CellExecutionError.from_cell_and_msg(cell, exec_reply_content)
nbclient.exceptions.CellExecutionError: An error occurred while executing the following cell:
------------------
import matplotlib.pyplot as plt
import numpy as np
from nilearn import image, masking, plotting

from repo2data.repo2data import Repo2Data

# Install the data if running locally, or points to cached data if running on neurolibre
DATA_REQ_FILE = os.path.join("../binder/data_requirement.json")

# Download data
repo2data = Repo2Data(DATA_REQ_FILE)
data_path = repo2data.install()
data_path = os.path.abspath(os.path.join(data_path[0], "data"))


def regress_one_image_out_of_another(data_img, nuis_img, mask_img):
    # First, mean-center each image over time
    mean_data_img = image.mean_img(data_img)
    mean_nuis_img = image.mean_img(nuis_img)

    data_img_mc = image.math_img(
        "img - avg_img[..., None]",
        img=data_img,
        avg_img=mean_data_img,
    )
    nuis_img_mc = image.math_img(
        "img - avg_img[..., None]",
        img=nuis_img,
        avg_img=mean_nuis_img,
    )

    # Now get the masked data in 2D format
    data_mc = masking.apply_mask(data_img_mc, mask_img)
    nuis_mc = masking.apply_mask(nuis_img_mc, mask_img)
    nuis_mean = masking.apply_mask(mean_nuis_img, mask_img)
    data_mean = masking.apply_mask(mean_data_img, mask_img)

    # Build beta map by performing regression on each voxel
    betas = np.zeros(data_mc.shape[1])
    for i_voxel in range(data_mc.shape[1]):
        temp_data = np.stack((data_mc[:, i_voxel], np.ones(data_mc.shape[0])), -1)
        betas = np.linalg.lstsq(temp_data, nuis_mc[:, i_voxel], rcond=None)[0][0]

    # Construct denoised time series
    scaled_nuis = (nuis_mc * betas)
    errorts = (data_mc - scaled_nuis) + data_mean
    errorts_img = masking.unmask(errorts, mask_img)

    return errorts_img
------------------

[0;31m---------------------------------------------------------------------------[0m
[0;31mNameError[0m                                 Traceback (most recent call last)
[0;32m/tmp/ipykernel_1848/619823406.py[0m in [0;36m<module>[0;34m[0m
[1;32m      6[0m [0;34m[0m[0m
[1;32m      7[0m [0;31m# Install the data if running locally, or points to cached data if running on neurolibre[0m[0;34m[0m[0;34m[0m[0;34m[0m[0m
[0;32m----> 8[0;31m [0mDATA_REQ_FILE[0m [0;34m=[0m [0mos[0m[0;34m.[0m[0mpath[0m[0;34m.[0m[0mjoin[0m[0;34m([0m[0;34m"../binder/data_requirement.json"[0m[0;34m)[0m[0;34m[0m[0;34m[0m[0m
[0m[1;32m      9[0m [0;34m[0m[0m
[1;32m     10[0m [0;31m# Download data[0m[0;34m[0m[0;34m[0m[0;34m[0m[0m

[0;31mNameError[0m: name 'os' is not defined
NameError: name 'os' is not defined

