Traceback (most recent call last):
  File "/opt/hostedtoolcache/Python/3.12.12/x64/lib/python3.12/site-packages/jupyter_cache/executors/utils.py", line 58, in single_nb_execution
    executenb(
  File "/opt/hostedtoolcache/Python/3.12.12/x64/lib/python3.12/site-packages/nbclient/client.py", line 1319, in execute
    return NotebookClient(nb=nb, resources=resources, km=km, **kwargs).execute()
           ^^^^^^^^^^^^^^^^^^^^^^^^^^^^^^^^^^^^^^^^^^^^^^^^^^^^^^^^^^^^^^^^^^^^^
  File "/opt/hostedtoolcache/Python/3.12.12/x64/lib/python3.12/site-packages/jupyter_core/utils/__init__.py", line 165, in wrapped
    return loop.run_until_complete(inner)
           ^^^^^^^^^^^^^^^^^^^^^^^^^^^^^^
  File "/opt/hostedtoolcache/Python/3.12.12/x64/lib/python3.12/asyncio/base_events.py", line 691, in run_until_complete
    return future.result()
           ^^^^^^^^^^^^^^^
  File "/opt/hostedtoolcache/Python/3.12.12/x64/lib/python3.12/site-packages/nbclient/client.py", line 709, in async_execute
    await self.async_execute_cell(
  File "/opt/hostedtoolcache/Python/3.12.12/x64/lib/python3.12/site-packages/nbclient/client.py", line 1062, in async_execute_cell
    await self._check_raise_for_error(cell, cell_index, exec_reply)
  File "/opt/hostedtoolcache/Python/3.12.12/x64/lib/python3.12/site-packages/nbclient/client.py", line 918, in _check_raise_for_error
    raise CellExecutionError.from_cell_and_msg(cell, exec_reply_content)
nbclient.exceptions.CellExecutionError: An error occurred while executing the following cell:
------------------
func_dir = os.path.join(data_path, "ds006185/sub-24053/ses-1/func/")
data_files = sorted(
    glob(
        os.path.join(
            func_dir,
            "sub-24053_ses-1_task-rat_rec-nordic_dir-PA_run-01_echo-*_part-mag_desc-preproc_bold.nii.gz",
        ),
    ),
)
echo_times = []
for f in data_files:
    json_file = f.replace('.nii.gz', '.json')
    with open(json_file, 'r') as fo:
        metadata = json.load(fo)
    echo_times.append(metadata['EchoTime'] * 1000)
mask_file = os.path.join(
    func_dir,
    "sub-24053_ses-1_task-rat_rec-nordic_dir-PA_run-01_part-mag_desc-brain_mask.nii.gz"
)
confounds_file = os.path.join(
    func_dir,
    "sub-24053_ses-1_task-rat_rec-nordic_dir-PA_run-01_part-mag_desc-confounds_timeseries.tsv",
)
ted_dir = os.path.join(data_path, "tedana")
n_echoes = len(echo_times)
echo_times = [int(np.round(te)) for te in echo_times]

pal = sns.color_palette("cubehelix", n_echoes)

img = image.index_img(data_files[0], 0)
data = img.get_fdata()
vmax = np.max(data)
idx = np.vstack(np.where(data > 1000))

min_x, min_y, min_z = np.min(idx, axis=1)
max_x, max_y, max_z = np.max(idx, axis=1)

imgs = []
for f in data_files:
    img = image.index_img(f, 0)
    data = img.get_fdata()
    data = data[min_x:max_x, min_y:max_y, min_z:max_z]
    img = nb.Nifti1Image(data, img.affine, img.header)
    imgs.append(img)

mask = nb.load(mask_file)

# Component parameter estimates
betas_file = os.path.join(
    ted_dir, "sub-24053_ses-1_task-rat_rec-nordic_dir-PA_run-01_desc-ICA_components.nii.gz"
)
beta_maps = masking.apply_mask(betas_file, mask)

# Component table
comp_tbl = pd.read_table(
    os.path.join(ted_dir, "sub-24053_ses-1_task-rat_rec-nordic_dir-PA_run-01_desc-tedana_metrics.tsv"),
    index_col="Component",
)

# Get voxel index for voxel most related to component with highest kappa value
acc_comp_tbl = comp_tbl.loc[comp_tbl["classification"] == "accepted"]
high_kappa_comp = acc_comp_tbl.sort_values(by="kappa", ascending=False).index.values[0]
high_kappa_comp_val = int(high_kappa_comp.split("_")[1])
voxel_idx = np.where(
    beta_maps[high_kappa_comp_val, :] == np.max(beta_maps[high_kappa_comp_val, :])
)[0][0]

# Extract the time series for the high-kappa voxel
data = [masking.apply_mask(f, mask) for f in data_files]
ts = [d[:, voxel_idx] for d in data]
ts_1d = np.hstack(ts)

n_trs = ts[0].shape[0]
------------------


[31m---------------------------------------------------------------------------[39m
[31mIndexError[39m                                Traceback (most recent call last)
[36mCell[39m[36m [39m[32mIn[2][39m[32m, line 30[39m
[32m     26[39m echo_times = [[38;5;28mint[39m(np.round(te)) [38;5;28;01mfor[39;00m te [38;5;129;01min[39;00m echo_times]
[32m     28[39m pal = sns.color_palette([33m"[39m[33mcubehelix[39m[33m"[39m, n_echoes)
[32m---> [39m[32m30[39m img = image.index_img([43mdata_files[49m[43m[[49m[32;43m0[39;49m[43m][49m, [32m0[39m)
[32m     31[39m data = img.get_fdata()
[32m     32[39m vmax = np.max(data)

[31mIndexError[39m: list index out of range

